<?xml version="1.0" encoding="UTF-8"?>
<testng-results skipped="0" failed="0" ignored="0" total="0" passed="0">
  <reporter-output>
  </reporter-output>
  <suite name="Test1" duration-ms="14" started-at="2021-11-23T14:27:50 IST" finished-at="2021-11-23T14:27:50 IST">
    <groups>
    </groups>
    <test name="Command line test" duration-ms="14" started-at="2021-11-23T14:27:50 IST" finished-at="2021-11-23T14:27:50 IST">
    </test> <!-- Command line test -->
  </suite> <!-- Test1 -->
</testng-results>
